[2017-01-22 19:49:21] main.CRITICAL: Magento\Framework\Exception\LocalizedException: Element name and destination must be specified. in /Applications/MAMP/htdocs/shophh/vendor/magento/framework/View/Layout/Reader/Move.php:61
Stack trace:
#0 /Applications/MAMP/htdocs/shophh/vendor/magento/framework/View/Layout/Reader/Move.php(37): Magento\Framework\View\Layout\Reader\Move->scheduleMove(Object(Magento\Framework\View\Layout\ScheduledStructure), Object(Magento\Framework\View\Layout\Element))
#1 /Applications/MAMP/htdocs/shophh/vendor/magento/framework/View/Layout/ReaderPool.php(105): Magento\Framework\View\Layout\Reader\Move->interpret(Object(Magento\Framework\View\Layout\Reader\Context), Object(Magento\Framework\View\Layout\Element), Object(Magento\Framework\View\Layout\Element))
#2 /Applications/MAMP/htdocs/shophh/vendor/magento/framework/View/Page/Config/Reader/Body.php(70): Magento\Framework\View\Layout\ReaderPool->interpret(Object(Magento\Framework\View\Layout\Reader\Context), Object(Magento\Framework\View\Layout\Element))
#3 /Applications/MAMP/htdocs/shophh/vendor/magento/framework/View/Layout/ReaderPool.php(105): Magento\Framework\View\Page\Config\Reader\Body->interpret(Object(Magento\Framework\View\Layout\Reader\Context), Object(Magento\Framework\View\Layout\Element), Object(Magento\Framework\View\Layout\Element))
#4 /Applications/MAMP/htdocs/shophh/vendor/magento/framework/View/Layout.php(314): Magento\Framework\View\Layout\ReaderPool->interpret(Object(Magento\Framework\View\Layout\Reader\Context), Object(Magento\Framework\View\Layout\Element))
#5 /Applications/MAMP/htdocs/shophh/var/generation/Magento/Framework/View/Layout/Interceptor.php(89): Magento\Framework\View\Layout->generateElements()
#6 /Applications/MAMP/htdocs/shophh/vendor/magento/framework/View/Layout/Builder.php(129): Magento\Framework\View\Layout\Interceptor->generateElements()
#7 /Applications/MAMP/htdocs/shophh/vendor/magento/framework/View/Page/Builder.php(55): Magento\Framework\View\Layout\Builder->generateLayoutBlocks()
#8 /Applications/MAMP/htdocs/shophh/vendor/magento/framework/View/Layout/Builder.php(65): Magento\Framework\View\Page\Builder->generateLayoutBlocks()
#9 /Applications/MAMP/htdocs/shophh/vendor/magento/framework/View/Page/Config.php(197): Magento\Framework\View\Layout\Builder->build()
#10 /Applications/MAMP/htdocs/shophh/vendor/magento/framework/View/Page/Config.php(509): Magento\Framework\View\Page\Config->build()
#11 /Applications/MAMP/htdocs/shophh/vendor/magento/framework/View/Page/Config.php(467): Magento\Framework\View\Page\Config->getElementAttribute('body', 'class')
#12 /Applications/MAMP/htdocs/shophh/vendor/magento/module-catalog/Helper/Product/View.php(159): Magento\Framework\View\Page\Config->addBodyClass('catalog-product...')
#13 /Applications/MAMP/htdocs/shophh/vendor/magento/module-catalog/Helper/Product/View.php(234): Magento\Catalog\Helper\Product\View->initProductLayout(Object(Magento\Framework\View\Result\Page\Interceptor), Object(Magento\Catalog\Model\Product\Interceptor), Object(Magento\Framework\DataObject))
#14 /Applications/MAMP/htdocs/shophh/vendor/magento/module-catalog/Controller/Product/View.php(109): Magento\Catalog\Helper\Product\View->prepareAndRender(Object(Magento\Framework\View\Result\Page\Interceptor), 1, Object(Magento\Catalog\Controller\Product\View\Interceptor), Object(Magento\Framework\DataObject))
#15 /Applications/MAMP/htdocs/shophh/var/generation/Magento/Catalog/Controller/Product/View/Interceptor.php(24): Magento\Catalog\Controller\Product\View->execute()
#16 /Applications/MAMP/htdocs/shophh/vendor/magento/framework/App/Action/Action.php(102): Magento\Catalog\Controller\Product\View\Interceptor->execute()
#17 /Applications/MAMP/htdocs/shophh/vendor/magento/framework/Interception/Interceptor.php(74): Magento\Framework\App\Action\Action->dispatch(Object(Magento\Framework\App\Request\Http))
#18 /Applications/MAMP/htdocs/shophh/vendor/magento/framework/Interception/Chain/Chain.php(70): Magento\Catalog\Controller\Product\View\Interceptor->___callParent('dispatch', Array)
#19 /Applications/MAMP/htdocs/shophh/vendor/magento/framework/Interception/Chain/Chain.php(63): Magento\Framework\Interception\Chain\Chain->invokeNext('Magento\\Catalog...', 'dispatch', Object(Magento\Catalog\Controller\Product\View\Interceptor), Array, 'contextPlugin')
#20 /Applications/MAMP/htdocs/shophh/vendor/magento/module-store/App/Action/Plugin/Context.php(106): Magento\Framework\Interception\Chain\Chain->Magento\Framework\Interception\Chain\{closure}(Object(Magento\Framework\App\Request\Http))
#21 /Applications/MAMP/htdocs/shophh/vendor/magento/framework/Interception/Chain/Chain.php(67): Magento\Store\App\Action\Plugin\Context->aroundDispatch(Object(Magento\Catalog\Controller\Product\View\Interceptor), Object(Closure), Object(Magento\Framework\App\Request\Http))
#22 /Applications/MAMP/htdocs/shophh/vendor/magento/framework/Interception/Chain/Chain.php(63): Magento\Framework\Interception\Chain\Chain->invokeNext('Magento\\Catalog...', 'dispatch', Object(Magento\Catalog\Controller\Product\View\Interceptor), Array, 'customer-app-ac...')
#23 /Applications/MAMP/htdocs/shophh/vendor/magento/module-customer/Model/App/Action/ContextPlugin.php(61): Magento\Framework\Interception\Chain\Chain->Magento\Framework\Interception\Chain\{closure}(Object(Magento\Framework\App\Request\Http))
#24 /Applications/MAMP/htdocs/shophh/vendor/magento/framework/Interception/Chain/Chain.php(67): Magento\Customer\Model\App\Action\ContextPlugin->aroundDispatch(Object(Magento\Catalog\Controller\Product\View\Interceptor), Object(Closure), Object(Magento\Framework\App\Request\Http))
#25 /Applications/MAMP/htdocs/shophh/vendor/magento/framework/Interception/Chain/Chain.php(63): Magento\Framework\Interception\Chain\Chain->invokeNext('Magento\\Catalog...', 'dispatch', Object(Magento\Catalog\Controller\Product\View\Interceptor), Array, 'storeCheck')
#26 /Applications/MAMP/htdocs/shophh/vendor/magento/module-store/App/Action/Plugin/StoreCheck.php(44): Magento\Framework\Interception\Chain\Chain->Magento\Framework\Interception\Chain\{closure}(Object(Magento\Framework\App\Request\Http))
#27 /Applications/MAMP/htdocs/shophh/vendor/magento/framework/Interception/Chain/Chain.php(67): Magento\Store\App\Action\Plugin\StoreCheck->aroundDispatch(Object(Magento\Catalog\Controller\Product\View\Interceptor), Object(Closure), Object(Magento\Framework\App\Request\Http))
#28 /Applications/MAMP/htdocs/shophh/vendor/magento/framework/Interception/Chain/Chain.php(63): Magento\Framework\Interception\Chain\Chain->invokeNext('Magento\\Catalog...', 'dispatch', Object(Magento\Catalog\Controller\Product\View\Interceptor), Array, 'weee-app-action...')
#29 /Applications/MAMP/htdocs/shophh/vendor/magento/module-weee/Model/App/Action/ContextPlugin.php(112): Magento\Framework\Interception\Chain\Chain->Magento\Framework\Interception\Chain\{closure}(Object(Magento\Framework\App\Request\Http))
#30 /Applications/MAMP/htdocs/shophh/vendor/magento/framework/Interception/Chain/Chain.php(67): Magento\Weee\Model\App\Action\ContextPlugin->aroundDispatch(Object(Magento\Catalog\Controller\Product\View\Interceptor), Object(Closure), Object(Magento\Framework\App\Request\Http))
#31 /Applications/MAMP/htdocs/shophh/vendor/magento/framework/Interception/Interceptor.php(138): Magento\Framework\Interception\Chain\Chain->invokeNext('Magento\\Catalog...', 'dispatch', Object(Magento\Catalog\Controller\Product\View\Interceptor), Array, 'tax-app-action-...')
#32 /Applications/MAMP/htdocs/shophh/vendor/magento/module-tax/Model/App/Action/ContextPlugin.php(91): Magento\Catalog\Controller\Product\View\Interceptor->Magento\Framework\Interception\{closure}(Object(Magento\Framework\App\Request\Http))
#33 /Applications/MAMP/htdocs/shophh/vendor/magento/framework/Interception/Interceptor.php(142): Magento\Tax\Model\App\Action\ContextPlugin->aroundDispatch(Object(Magento\Catalog\Controller\Product\View\Interceptor), Object(Closure), Object(Magento\Framework\App\Request\Http))
#34 /Applications/MAMP/htdocs/shophh/var/generation/Magento/Catalog/Controller/Product/View/Interceptor.php(39): Magento\Catalog\Controller\Product\View\Interceptor->___callPlugins('dispatch', Array, Array)
#35 /Applications/MAMP/htdocs/shophh/vendor/magento/framework/App/FrontController.php(55): Magento\Catalog\Controller\Product\View\Interceptor->dispatch(Object(Magento\Framework\App\Request\Http))
#36 /Applications/MAMP/htdocs/shophh/vendor/magento/framework/Interception/Interceptor.php(74): Magento\Framework\App\FrontController->dispatch(Object(Magento\Framework\App\Request\Http))
#37 /Applications/MAMP/htdocs/shophh/vendor/magento/framework/Interception/Chain/Chain.php(70): Magento\Framework\App\FrontController\Interceptor->___callParent('dispatch', Array)
#38 /Applications/MAMP/htdocs/shophh/vendor/magento/framework/Interception/Chain/Chain.php(63): Magento\Framework\Interception\Chain\Chain->invokeNext('Magento\\Framewo...', 'dispatch', Object(Magento\Framework\App\FrontController\Interceptor), Array, 'requestPreproce...')
#39 /Applications/MAMP/htdocs/shophh/vendor/magento/module-store/App/FrontController/Plugin/RequestPreprocessor.php(94): Magento\Framework\Interception\Chain\Chain->Magento\Framework\Interception\Chain\{closure}(Object(Magento\Framework\App\Request\Http))
#40 /Applications/MAMP/htdocs/shophh/vendor/magento/framework/Interception/Chain/Chain.php(67): Magento\Store\App\FrontController\Plugin\RequestPreprocessor->aroundDispatch(Object(Magento\Framework\App\FrontController\Interceptor), Object(Closure), Object(Magento\Framework\App\Request\Http))
#41 /Applications/MAMP/htdocs/shophh/vendor/magento/framework/Interception/Chain/Chain.php(63): Magento\Framework\Interception\Chain\Chain->invokeNext('Magento\\Framewo...', 'dispatch', Object(Magento\Framework\App\FrontController\Interceptor), Array, 'install')
#42 /Applications/MAMP/htdocs/shophh/vendor/magento/framework/Module/Plugin/DbStatusValidator.php(69): Magento\Framework\Interception\Chain\Chain->Magento\Framework\Interception\Chain\{closure}(Object(Magento\Framework\App\Request\Http))
#43 /Applications/MAMP/htdocs/shophh/vendor/magento/framework/Interception/Chain/Chain.php(67): Magento\Framework\Module\Plugin\DbStatusValidator->aroundDispatch(Object(Magento\Framework\App\FrontController\Interceptor), Object(Closure), Object(Magento\Framework\App\Request\Http))
#44 /Applications/MAMP/htdocs/shophh/vendor/magento/framework/Interception/Chain/Chain.php(63): Magento\Framework\Interception\Chain\Chain->invokeNext('Magento\\Framewo...', 'dispatch', Object(Magento\Framework\App\FrontController\Interceptor), Array, 'front-controlle...')
#45 /Applications/MAMP/htdocs/shophh/vendor/magento/module-page-cache/Model/App/FrontController/VarnishPlugin.php(55): Magento\Framework\Interception\Chain\Chain->Magento\Framework\Interception\Chain\{closure}(Object(Magento\Framework\App\Request\Http))
#46 /Applications/MAMP/htdocs/shophh/vendor/magento/framework/Interception/Chain/Chain.php(67): Magento\PageCache\Model\App\FrontController\VarnishPlugin->aroundDispatch(Object(Magento\Framework\App\FrontController\Interceptor), Object(Closure), Object(Magento\Framework\App\Request\Http))
#47 /Applications/MAMP/htdocs/shophh/vendor/magento/framework/Interception/Interceptor.php(138): Magento\Framework\Interception\Chain\Chain->invokeNext('Magento\\Framewo...', 'dispatch', Object(Magento\Framework\App\FrontController\Interceptor), Array, 'front-controlle...')
#48 /Applications/MAMP/htdocs/shophh/vendor/magento/module-page-cache/Model/App/FrontController/BuiltinPlugin.php(68): Magento\Framework\App\FrontController\Interceptor->Magento\Framework\Interception\{closure}(Object(Magento\Framework\App\Request\Http))
#49 /Applications/MAMP/htdocs/shophh/vendor/magento/framework/Interception/Interceptor.php(142): Magento\PageCache\Model\App\FrontController\BuiltinPlugin->aroundDispatch(Object(Magento\Framework\App\FrontController\Interceptor), Object(Closure), Object(Magento\Framework\App\Request\Http))
#50 /Applications/MAMP/htdocs/shophh/var/generation/Magento/Framework/App/FrontController/Interceptor.php(26): Magento\Framework\App\FrontController\Interceptor->___callPlugins('dispatch', Array, Array)
#51 /Applications/MAMP/htdocs/shophh/vendor/magento/framework/App/Http.php(135): Magento\Framework\App\FrontController\Interceptor->dispatch(Object(Magento\Framework\App\Request\Http))
#52 /Applications/MAMP/htdocs/shophh/vendor/magento/framework/Interception/Interceptor.php(146): Magento\Framework\App\Http->launch()
#53 /Applications/MAMP/htdocs/shophh/var/generation/Magento/Framework/App/Http/Interceptor.php(26): Magento\Framework\App\Http\Interceptor->___callPlugins('launch', Array, Array)
#54 /Applications/MAMP/htdocs/shophh/vendor/magento/framework/App/Bootstrap.php(258): Magento\Framework\App\Http\Interceptor->launch()
#55 /Applications/MAMP/htdocs/shophh/index.php(39): Magento\Framework\App\Bootstrap->run(Object(Magento\Framework\App\Http\Interceptor))
#56 {main} [] []
[2017-01-22 19:50:04] main.CRITICAL: Magento\Framework\Exception\LocalizedException: Element name and destination must be specified. in /Applications/MAMP/htdocs/shophh/vendor/magento/framework/View/Layout/Reader/Move.php:61
Stack trace:
#0 /Applications/MAMP/htdocs/shophh/vendor/magento/framework/View/Layout/Reader/Move.php(37): Magento\Framework\View\Layout\Reader\Move->scheduleMove(Object(Magento\Framework\View\Layout\ScheduledStructure), Object(Magento\Framework\View\Layout\Element))
#1 /Applications/MAMP/htdocs/shophh/vendor/magento/framework/View/Layout/ReaderPool.php(105): Magento\Framework\View\Layout\Reader\Move->interpret(Object(Magento\Framework\View\Layout\Reader\Context), Object(Magento\Framework\View\Layout\Element), Object(Magento\Framework\View\Layout\Element))
#2 /Applications/MAMP/htdocs/shophh/vendor/magento/framework/View/Page/Config/Reader/Body.php(70): Magento\Framework\View\Layout\ReaderPool->interpret(Object(Magento\Framework\View\Layout\Reader\Context), Object(Magento\Framework\View\Layout\Element))
#3 /Applications/MAMP/htdocs/shophh/vendor/magento/framework/View/Layout/ReaderPool.php(105): Magento\Framework\View\Page\Config\Reader\Body->interpret(Object(Magento\Framework\View\Layout\Reader\Context), Object(Magento\Framework\View\Layout\Element), Object(Magento\Framework\View\Layout\Element))
#4 /Applications/MAMP/htdocs/shophh/vendor/magento/framework/View/Layout.php(314): Magento\Framework\View\Layout\ReaderPool->interpret(Object(Magento\Framework\View\Layout\Reader\Context), Object(Magento\Framework\View\Layout\Element))
#5 /Applications/MAMP/htdocs/shophh/var/generation/Magento/Framework/View/Layout/Interceptor.php(89): Magento\Framework\View\Layout->generateElements()
#6 /Applications/MAMP/htdocs/shophh/vendor/magento/framework/View/Layout/Builder.php(129): Magento\Framework\View\Layout\Interceptor->generateElements()
#7 /Applications/MAMP/htdocs/shophh/vendor/magento/framework/View/Page/Builder.php(55): Magento\Framework\View\Layout\Builder->generateLayoutBlocks()
#8 /Applications/MAMP/htdocs/shophh/vendor/magento/framework/View/Layout/Builder.php(65): Magento\Framework\View\Page\Builder->generateLayoutBlocks()
#9 /Applications/MAMP/htdocs/shophh/vendor/magento/framework/View/Page/Config.php(197): Magento\Framework\View\Layout\Builder->build()
#10 /Applications/MAMP/htdocs/shophh/vendor/magento/framework/View/Page/Config.php(509): Magento\Framework\View\Page\Config->build()
#11 /Applications/MAMP/htdocs/shophh/vendor/magento/framework/View/Page/Config.php(467): Magento\Framework\View\Page\Config->getElementAttribute('body', 'class')
#12 /Applications/MAMP/htdocs/shophh/vendor/magento/module-catalog/Helper/Product/View.php(159): Magento\Framework\View\Page\Config->addBodyClass('catalog-product...')
#13 /Applications/MAMP/htdocs/shophh/vendor/magento/module-catalog/Helper/Product/View.php(234): Magento\Catalog\Helper\Product\View->initProductLayout(Object(Magento\Framework\View\Result\Page\Interceptor), Object(Magento\Catalog\Model\Product\Interceptor), Object(Magento\Framework\DataObject))
#14 /Applications/MAMP/htdocs/shophh/vendor/magento/module-catalog/Controller/Product/View.php(109): Magento\Catalog\Helper\Product\View->prepareAndRender(Object(Magento\Framework\View\Result\Page\Interceptor), 1, Object(Magento\Catalog\Controller\Product\View\Interceptor), Object(Magento\Framework\DataObject))
#15 /Applications/MAMP/htdocs/shophh/var/generation/Magento/Catalog/Controller/Product/View/Interceptor.php(24): Magento\Catalog\Controller\Product\View->execute()
#16 /Applications/MAMP/htdocs/shophh/vendor/magento/framework/App/Action/Action.php(102): Magento\Catalog\Controller\Product\View\Interceptor->execute()
#17 /Applications/MAMP/htdocs/shophh/vendor/magento/framework/Interception/Interceptor.php(74): Magento\Framework\App\Action\Action->dispatch(Object(Magento\Framework\App\Request\Http))
#18 /Applications/MAMP/htdocs/shophh/vendor/magento/framework/Interception/Chain/Chain.php(70): Magento\Catalog\Controller\Product\View\Interceptor->___callParent('dispatch', Array)
#19 /Applications/MAMP/htdocs/shophh/vendor/magento/framework/Interception/Chain/Chain.php(63): Magento\Framework\Interception\Chain\Chain->invokeNext('Magento\\Catalog...', 'dispatch', Object(Magento\Catalog\Controller\Product\View\Interceptor), Array, 'contextPlugin')
#20 /Applications/MAMP/htdocs/shophh/vendor/magento/module-store/App/Action/Plugin/Context.php(106): Magento\Framework\Interception\Chain\Chain->Magento\Framework\Interception\Chain\{closure}(Object(Magento\Framework\App\Request\Http))
#21 /Applications/MAMP/htdocs/shophh/vendor/magento/framework/Interception/Chain/Chain.php(67): Magento\Store\App\Action\Plugin\Context->aroundDispatch(Object(Magento\Catalog\Controller\Product\View\Interceptor), Object(Closure), Object(Magento\Framework\App\Request\Http))
#22 /Applications/MAMP/htdocs/shophh/vendor/magento/framework/Interception/Chain/Chain.php(63): Magento\Framework\Interception\Chain\Chain->invokeNext('Magento\\Catalog...', 'dispatch', Object(Magento\Catalog\Controller\Product\View\Interceptor), Array, 'customer-app-ac...')
#23 /Applications/MAMP/htdocs/shophh/vendor/magento/module-customer/Model/App/Action/ContextPlugin.php(61): Magento\Framework\Interception\Chain\Chain->Magento\Framework\Interception\Chain\{closure}(Object(Magento\Framework\App\Request\Http))
#24 /Applications/MAMP/htdocs/shophh/vendor/magento/framework/Interception/Chain/Chain.php(67): Magento\Customer\Model\App\Action\ContextPlugin->aroundDispatch(Object(Magento\Catalog\Controller\Product\View\Interceptor), Object(Closure), Object(Magento\Framework\App\Request\Http))
#25 /Applications/MAMP/htdocs/shophh/vendor/magento/framework/Interception/Chain/Chain.php(63): Magento\Framework\Interception\Chain\Chain->invokeNext('Magento\\Catalog...', 'dispatch', Object(Magento\Catalog\Controller\Product\View\Interceptor), Array, 'storeCheck')
#26 /Applications/MAMP/htdocs/shophh/vendor/magento/module-store/App/Action/Plugin/StoreCheck.php(44): Magento\Framework\Interception\Chain\Chain->Magento\Framework\Interception\Chain\{closure}(Object(Magento\Framework\App\Request\Http))
#27 /Applications/MAMP/htdocs/shophh/vendor/magento/framework/Interception/Chain/Chain.php(67): Magento\Store\App\Action\Plugin\StoreCheck->aroundDispatch(Object(Magento\Catalog\Controller\Product\View\Interceptor), Object(Closure), Object(Magento\Framework\App\Request\Http))
#28 /Applications/MAMP/htdocs/shophh/vendor/magento/framework/Interception/Chain/Chain.php(63): Magento\Framework\Interception\Chain\Chain->invokeNext('Magento\\Catalog...', 'dispatch', Object(Magento\Catalog\Controller\Product\View\Interceptor), Array, 'weee-app-action...')
#29 /Applications/MAMP/htdocs/shophh/vendor/magento/module-weee/Model/App/Action/ContextPlugin.php(112): Magento\Framework\Interception\Chain\Chain->Magento\Framework\Interception\Chain\{closure}(Object(Magento\Framework\App\Request\Http))
#30 /Applications/MAMP/htdocs/shophh/vendor/magento/framework/Interception/Chain/Chain.php(67): Magento\Weee\Model\App\Action\ContextPlugin->aroundDispatch(Object(Magento\Catalog\Controller\Product\View\Interceptor), Object(Closure), Object(Magento\Framework\App\Request\Http))
#31 /Applications/MAMP/htdocs/shophh/vendor/magento/framework/Interception/Interceptor.php(138): Magento\Framework\Interception\Chain\Chain->invokeNext('Magento\\Catalog...', 'dispatch', Object(Magento\Catalog\Controller\Product\View\Interceptor), Array, 'tax-app-action-...')
#32 /Applications/MAMP/htdocs/shophh/vendor/magento/module-tax/Model/App/Action/ContextPlugin.php(91): Magento\Catalog\Controller\Product\View\Interceptor->Magento\Framework\Interception\{closure}(Object(Magento\Framework\App\Request\Http))
#33 /Applications/MAMP/htdocs/shophh/vendor/magento/framework/Interception/Interceptor.php(142): Magento\Tax\Model\App\Action\ContextPlugin->aroundDispatch(Object(Magento\Catalog\Controller\Product\View\Interceptor), Object(Closure), Object(Magento\Framework\App\Request\Http))
#34 /Applications/MAMP/htdocs/shophh/var/generation/Magento/Catalog/Controller/Product/View/Interceptor.php(39): Magento\Catalog\Controller\Product\View\Interceptor->___callPlugins('dispatch', Array, Array)
#35 /Applications/MAMP/htdocs/shophh/vendor/magento/framework/App/FrontController.php(55): Magento\Catalog\Controller\Product\View\Interceptor->dispatch(Object(Magento\Framework\App\Request\Http))
#36 /Applications/MAMP/htdocs/shophh/vendor/magento/framework/Interception/Interceptor.php(74): Magento\Framework\App\FrontController->dispatch(Object(Magento\Framework\App\Request\Http))
#37 /Applications/MAMP/htdocs/shophh/vendor/magento/framework/Interception/Chain/Chain.php(70): Magento\Framework\App\FrontController\Interceptor->___callParent('dispatch', Array)
#38 /Applications/MAMP/htdocs/shophh/vendor/magento/framework/Interception/Chain/Chain.php(63): Magento\Framework\Interception\Chain\Chain->invokeNext('Magento\\Framewo...', 'dispatch', Object(Magento\Framework\App\FrontController\Interceptor), Array, 'requestPreproce...')
#39 /Applications/MAMP/htdocs/shophh/vendor/magento/module-store/App/FrontController/Plugin/RequestPreprocessor.php(94): Magento\Framework\Interception\Chain\Chain->Magento\Framework\Interception\Chain\{closure}(Object(Magento\Framework\App\Request\Http))
#40 /Applications/MAMP/htdocs/shophh/vendor/magento/framework/Interception/Chain/Chain.php(67): Magento\Store\App\FrontController\Plugin\RequestPreprocessor->aroundDispatch(Object(Magento\Framework\App\FrontController\Interceptor), Object(Closure), Object(Magento\Framework\App\Request\Http))
#41 /Applications/MAMP/htdocs/shophh/vendor/magento/framework/Interception/Chain/Chain.php(63): Magento\Framework\Interception\Chain\Chain->invokeNext('Magento\\Framewo...', 'dispatch', Object(Magento\Framework\App\FrontController\Interceptor), Array, 'install')
#42 /Applications/MAMP/htdocs/shophh/vendor/magento/framework/Module/Plugin/DbStatusValidator.php(69): Magento\Framework\Interception\Chain\Chain->Magento\Framework\Interception\Chain\{closure}(Object(Magento\Framework\App\Request\Http))
#43 /Applications/MAMP/htdocs/shophh/vendor/magento/framework/Interception/Chain/Chain.php(67): Magento\Framework\Module\Plugin\DbStatusValidator->aroundDispatch(Object(Magento\Framework\App\FrontController\Interceptor), Object(Closure), Object(Magento\Framework\App\Request\Http))
#44 /Applications/MAMP/htdocs/shophh/vendor/magento/framework/Interception/Chain/Chain.php(63): Magento\Framework\Interception\Chain\Chain->invokeNext('Magento\\Framewo...', 'dispatch', Object(Magento\Framework\App\FrontController\Interceptor), Array, 'front-controlle...')
#45 /Applications/MAMP/htdocs/shophh/vendor/magento/module-page-cache/Model/App/FrontController/VarnishPlugin.php(55): Magento\Framework\Interception\Chain\Chain->Magento\Framework\Interception\Chain\{closure}(Object(Magento\Framework\App\Request\Http))
#46 /Applications/MAMP/htdocs/shophh/vendor/magento/framework/Interception/Chain/Chain.php(67): Magento\PageCache\Model\App\FrontController\VarnishPlugin->aroundDispatch(Object(Magento\Framework\App\FrontController\Interceptor), Object(Closure), Object(Magento\Framework\App\Request\Http))
#47 /Applications/MAMP/htdocs/shophh/vendor/magento/framework/Interception/Interceptor.php(138): Magento\Framework\Interception\Chain\Chain->invokeNext('Magento\\Framewo...', 'dispatch', Object(Magento\Framework\App\FrontController\Interceptor), Array, 'front-controlle...')
#48 /Applications/MAMP/htdocs/shophh/vendor/magento/module-page-cache/Model/App/FrontController/BuiltinPlugin.php(68): Magento\Framework\App\FrontController\Interceptor->Magento\Framework\Interception\{closure}(Object(Magento\Framework\App\Request\Http))
#49 /Applications/MAMP/htdocs/shophh/vendor/magento/framework/Interception/Interceptor.php(142): Magento\PageCache\Model\App\FrontController\BuiltinPlugin->aroundDispatch(Object(Magento\Framework\App\FrontController\Interceptor), Object(Closure), Object(Magento\Framework\App\Request\Http))
#50 /Applications/MAMP/htdocs/shophh/var/generation/Magento/Framework/App/FrontController/Interceptor.php(26): Magento\Framework\App\FrontController\Interceptor->___callPlugins('dispatch', Array, Array)
#51 /Applications/MAMP/htdocs/shophh/vendor/magento/framework/App/Http.php(135): Magento\Framework\App\FrontController\Interceptor->dispatch(Object(Magento\Framework\App\Request\Http))
#52 /Applications/MAMP/htdocs/shophh/vendor/magento/framework/Interception/Interceptor.php(146): Magento\Framework\App\Http->launch()
#53 /Applications/MAMP/htdocs/shophh/var/generation/Magento/Framework/App/Http/Interceptor.php(26): Magento\Framework\App\Http\Interceptor->___callPlugins('launch', Array, Array)
#54 /Applications/MAMP/htdocs/shophh/vendor/magento/framework/App/Bootstrap.php(258): Magento\Framework\App\Http\Interceptor->launch()
#55 /Applications/MAMP/htdocs/shophh/index.php(39): Magento\Framework\App\Bootstrap->run(Object(Magento\Framework\App\Http\Interceptor))
#56 {main} [] []
[2017-01-22 19:51:18] main.CRITICAL: Magento\Framework\Exception\LocalizedException: Element name and destination must be specified. in /Applications/MAMP/htdocs/shophh/vendor/magento/framework/View/Layout/Reader/Move.php:61
Stack trace:
#0 /Applications/MAMP/htdocs/shophh/vendor/magento/framework/View/Layout/Reader/Move.php(37): Magento\Framework\View\Layout\Reader\Move->scheduleMove(Object(Magento\Framework\View\Layout\ScheduledStructure), Object(Magento\Framework\View\Layout\Element))
#1 /Applications/MAMP/htdocs/shophh/vendor/magento/framework/View/Layout/ReaderPool.php(105): Magento\Framework\View\Layout\Reader\Move->interpret(Object(Magento\Framework\View\Layout\Reader\Context), Object(Magento\Framework\View\Layout\Element), Object(Magento\Framework\View\Layout\Element))
#2 /Applications/MAMP/htdocs/shophh/vendor/magento/framework/View/Page/Config/Reader/Body.php(70): Magento\Framework\View\Layout\ReaderPool->interpret(Object(Magento\Framework\View\Layout\Reader\Context), Object(Magento\Framework\View\Layout\Element))
#3 /Applications/MAMP/htdocs/shophh/vendor/magento/framework/View/Layout/ReaderPool.php(105): Magento\Framework\View\Page\Config\Reader\Body->interpret(Object(Magento\Framework\View\Layout\Reader\Context), Object(Magento\Framework\View\Layout\Element), Object(Magento\Framework\View\Layout\Element))
#4 /Applications/MAMP/htdocs/shophh/vendor/magento/framework/View/Layout.php(314): Magento\Framework\View\Layout\ReaderPool->interpret(Object(Magento\Framework\View\Layout\Reader\Context), Object(Magento\Framework\View\Layout\Element))
#5 /Applications/MAMP/htdocs/shophh/var/generation/Magento/Framework/View/Layout/Interceptor.php(89): Magento\Framework\View\Layout->generateElements()
#6 /Applications/MAMP/htdocs/shophh/vendor/magento/framework/View/Layout/Builder.php(129): Magento\Framework\View\Layout\Interceptor->generateElements()
#7 /Applications/MAMP/htdocs/shophh/vendor/magento/framework/View/Page/Builder.php(55): Magento\Framework\View\Layout\Builder->generateLayoutBlocks()
#8 /Applications/MAMP/htdocs/shophh/vendor/magento/framework/View/Layout/Builder.php(65): Magento\Framework\View\Page\Builder->generateLayoutBlocks()
#9 /Applications/MAMP/htdocs/shophh/vendor/magento/framework/View/Page/Config.php(197): Magento\Framework\View\Layout\Builder->build()
#10 /Applications/MAMP/htdocs/shophh/vendor/magento/framework/View/Page/Config.php(509): Magento\Framework\View\Page\Config->build()
#11 /Applications/MAMP/htdocs/shophh/vendor/magento/framework/View/Page/Config.php(467): Magento\Framework\View\Page\Config->getElementAttribute('body', 'class')
#12 /Applications/MAMP/htdocs/shophh/vendor/magento/module-catalog/Helper/Product/View.php(159): Magento\Framework\View\Page\Config->addBodyClass('catalog-product...')
#13 /Applications/MAMP/htdocs/shophh/vendor/magento/module-catalog/Helper/Product/View.php(234): Magento\Catalog\Helper\Product\View->initProductLayout(Object(Magento\Framework\View\Result\Page\Interceptor), Object(Magento\Catalog\Model\Product\Interceptor), Object(Magento\Framework\DataObject))
#14 /Applications/MAMP/htdocs/shophh/vendor/magento/module-catalog/Controller/Product/View.php(109): Magento\Catalog\Helper\Product\View->prepareAndRender(Object(Magento\Framework\View\Result\Page\Interceptor), 1, Object(Magento\Catalog\Controller\Product\View\Interceptor), Object(Magento\Framework\DataObject))
#15 /Applications/MAMP/htdocs/shophh/var/generation/Magento/Catalog/Controller/Product/View/Interceptor.php(24): Magento\Catalog\Controller\Product\View->execute()
#16 /Applications/MAMP/htdocs/shophh/vendor/magento/framework/App/Action/Action.php(102): Magento\Catalog\Controller\Product\View\Interceptor->execute()
#17 /Applications/MAMP/htdocs/shophh/vendor/magento/framework/Interception/Interceptor.php(74): Magento\Framework\App\Action\Action->dispatch(Object(Magento\Framework\App\Request\Http))
#18 /Applications/MAMP/htdocs/shophh/vendor/magento/framework/Interception/Chain/Chain.php(70): Magento\Catalog\Controller\Product\View\Interceptor->___callParent('dispatch', Array)
#19 /Applications/MAMP/htdocs/shophh/vendor/magento/framework/Interception/Chain/Chain.php(63): Magento\Framework\Interception\Chain\Chain->invokeNext('Magento\\Catalog...', 'dispatch', Object(Magento\Catalog\Controller\Product\View\Interceptor), Array, 'contextPlugin')
#20 /Applications/MAMP/htdocs/shophh/vendor/magento/module-store/App/Action/Plugin/Context.php(106): Magento\Framework\Interception\Chain\Chain->Magento\Framework\Interception\Chain\{closure}(Object(Magento\Framework\App\Request\Http))
#21 /Applications/MAMP/htdocs/shophh/vendor/magento/framework/Interception/Chain/Chain.php(67): Magento\Store\App\Action\Plugin\Context->aroundDispatch(Object(Magento\Catalog\Controller\Product\View\Interceptor), Object(Closure), Object(Magento\Framework\App\Request\Http))
#22 /Applications/MAMP/htdocs/shophh/vendor/magento/framework/Interception/Chain/Chain.php(63): Magento\Framework\Interception\Chain\Chain->invokeNext('Magento\\Catalog...', 'dispatch', Object(Magento\Catalog\Controller\Product\View\Interceptor), Array, 'customer-app-ac...')
#23 /Applications/MAMP/htdocs/shophh/vendor/magento/module-customer/Model/App/Action/ContextPlugin.php(61): Magento\Framework\Interception\Chain\Chain->Magento\Framework\Interception\Chain\{closure}(Object(Magento\Framework\App\Request\Http))
#24 /Applications/MAMP/htdocs/shophh/vendor/magento/framework/Interception/Chain/Chain.php(67): Magento\Customer\Model\App\Action\ContextPlugin->aroundDispatch(Object(Magento\Catalog\Controller\Product\View\Interceptor), Object(Closure), Object(Magento\Framework\App\Request\Http))
#25 /Applications/MAMP/htdocs/shophh/vendor/magento/framework/Interception/Chain/Chain.php(63): Magento\Framework\Interception\Chain\Chain->invokeNext('Magento\\Catalog...', 'dispatch', Object(Magento\Catalog\Controller\Product\View\Interceptor), Array, 'storeCheck')
#26 /Applications/MAMP/htdocs/shophh/vendor/magento/module-store/App/Action/Plugin/StoreCheck.php(44): Magento\Framework\Interception\Chain\Chain->Magento\Framework\Interception\Chain\{closure}(Object(Magento\Framework\App\Request\Http))
#27 /Applications/MAMP/htdocs/shophh/vendor/magento/framework/Interception/Chain/Chain.php(67): Magento\Store\App\Action\Plugin\StoreCheck->aroundDispatch(Object(Magento\Catalog\Controller\Product\View\Interceptor), Object(Closure), Object(Magento\Framework\App\Request\Http))
#28 /Applications/MAMP/htdocs/shophh/vendor/magento/framework/Interception/Chain/Chain.php(63): Magento\Framework\Interception\Chain\Chain->invokeNext('Magento\\Catalog...', 'dispatch', Object(Magento\Catalog\Controller\Product\View\Interceptor), Array, 'weee-app-action...')
#29 /Applications/MAMP/htdocs/shophh/vendor/magento/module-weee/Model/App/Action/ContextPlugin.php(112): Magento\Framework\Interception\Chain\Chain->Magento\Framework\Interception\Chain\{closure}(Object(Magento\Framework\App\Request\Http))
#30 /Applications/MAMP/htdocs/shophh/vendor/magento/framework/Interception/Chain/Chain.php(67): Magento\Weee\Model\App\Action\ContextPlugin->aroundDispatch(Object(Magento\Catalog\Controller\Product\View\Interceptor), Object(Closure), Object(Magento\Framework\App\Request\Http))
#31 /Applications/MAMP/htdocs/shophh/vendor/magento/framework/Interception/Interceptor.php(138): Magento\Framework\Interception\Chain\Chain->invokeNext('Magento\\Catalog...', 'dispatch', Object(Magento\Catalog\Controller\Product\View\Interceptor), Array, 'tax-app-action-...')
#32 /Applications/MAMP/htdocs/shophh/vendor/magento/module-tax/Model/App/Action/ContextPlugin.php(91): Magento\Catalog\Controller\Product\View\Interceptor->Magento\Framework\Interception\{closure}(Object(Magento\Framework\App\Request\Http))
#33 /Applications/MAMP/htdocs/shophh/vendor/magento/framework/Interception/Interceptor.php(142): Magento\Tax\Model\App\Action\ContextPlugin->aroundDispatch(Object(Magento\Catalog\Controller\Product\View\Interceptor), Object(Closure), Object(Magento\Framework\App\Request\Http))
#34 /Applications/MAMP/htdocs/shophh/var/generation/Magento/Catalog/Controller/Product/View/Interceptor.php(39): Magento\Catalog\Controller\Product\View\Interceptor->___callPlugins('dispatch', Array, Array)
#35 /Applications/MAMP/htdocs/shophh/vendor/magento/framework/App/FrontController.php(55): Magento\Catalog\Controller\Product\View\Interceptor->dispatch(Object(Magento\Framework\App\Request\Http))
#36 /Applications/MAMP/htdocs/shophh/vendor/magento/framework/Interception/Interceptor.php(74): Magento\Framework\App\FrontController->dispatch(Object(Magento\Framework\App\Request\Http))
#37 /Applications/MAMP/htdocs/shophh/vendor/magento/framework/Interception/Chain/Chain.php(70): Magento\Framework\App\FrontController\Interceptor->___callParent('dispatch', Array)
#38 /Applications/MAMP/htdocs/shophh/vendor/magento/framework/Interception/Chain/Chain.php(63): Magento\Framework\Interception\Chain\Chain->invokeNext('Magento\\Framewo...', 'dispatch', Object(Magento\Framework\App\FrontController\Interceptor), Array, 'requestPreproce...')
#39 /Applications/MAMP/htdocs/shophh/vendor/magento/module-store/App/FrontController/Plugin/RequestPreprocessor.php(94): Magento\Framework\Interception\Chain\Chain->Magento\Framework\Interception\Chain\{closure}(Object(Magento\Framework\App\Request\Http))
#40 /Applications/MAMP/htdocs/shophh/vendor/magento/framework/Interception/Chain/Chain.php(67): Magento\Store\App\FrontController\Plugin\RequestPreprocessor->aroundDispatch(Object(Magento\Framework\App\FrontController\Interceptor), Object(Closure), Object(Magento\Framework\App\Request\Http))
#41 /Applications/MAMP/htdocs/shophh/vendor/magento/framework/Interception/Chain/Chain.php(63): Magento\Framework\Interception\Chain\Chain->invokeNext('Magento\\Framewo...', 'dispatch', Object(Magento\Framework\App\FrontController\Interceptor), Array, 'install')
#42 /Applications/MAMP/htdocs/shophh/vendor/magento/framework/Module/Plugin/DbStatusValidator.php(69): Magento\Framework\Interception\Chain\Chain->Magento\Framework\Interception\Chain\{closure}(Object(Magento\Framework\App\Request\Http))
#43 /Applications/MAMP/htdocs/shophh/vendor/magento/framework/Interception/Chain/Chain.php(67): Magento\Framework\Module\Plugin\DbStatusValidator->aroundDispatch(Object(Magento\Framework\App\FrontController\Interceptor), Object(Closure), Object(Magento\Framework\App\Request\Http))
#44 /Applications/MAMP/htdocs/shophh/vendor/magento/framework/Interception/Chain/Chain.php(63): Magento\Framework\Interception\Chain\Chain->invokeNext('Magento\\Framewo...', 'dispatch', Object(Magento\Framework\App\FrontController\Interceptor), Array, 'front-controlle...')
#45 /Applications/MAMP/htdocs/shophh/vendor/magento/module-page-cache/Model/App/FrontController/VarnishPlugin.php(55): Magento\Framework\Interception\Chain\Chain->Magento\Framework\Interception\Chain\{closure}(Object(Magento\Framework\App\Request\Http))
#46 /Applications/MAMP/htdocs/shophh/vendor/magento/framework/Interception/Chain/Chain.php(67): Magento\PageCache\Model\App\FrontController\VarnishPlugin->aroundDispatch(Object(Magento\Framework\App\FrontController\Interceptor), Object(Closure), Object(Magento\Framework\App\Request\Http))
#47 /Applications/MAMP/htdocs/shophh/vendor/magento/framework/Interception/Interceptor.php(138): Magento\Framework\Interception\Chain\Chain->invokeNext('Magento\\Framewo...', 'dispatch', Object(Magento\Framework\App\FrontController\Interceptor), Array, 'front-controlle...')
#48 /Applications/MAMP/htdocs/shophh/vendor/magento/module-page-cache/Model/App/FrontController/BuiltinPlugin.php(68): Magento\Framework\App\FrontController\Interceptor->Magento\Framework\Interception\{closure}(Object(Magento\Framework\App\Request\Http))
#49 /Applications/MAMP/htdocs/shophh/vendor/magento/framework/Interception/Interceptor.php(142): Magento\PageCache\Model\App\FrontController\BuiltinPlugin->aroundDispatch(Object(Magento\Framework\App\FrontController\Interceptor), Object(Closure), Object(Magento\Framework\App\Request\Http))
#50 /Applications/MAMP/htdocs/shophh/var/generation/Magento/Framework/App/FrontController/Interceptor.php(26): Magento\Framework\App\FrontController\Interceptor->___callPlugins('dispatch', Array, Array)
#51 /Applications/MAMP/htdocs/shophh/vendor/magento/framework/App/Http.php(135): Magento\Framework\App\FrontController\Interceptor->dispatch(Object(Magento\Framework\App\Request\Http))
#52 /Applications/MAMP/htdocs/shophh/vendor/magento/framework/Interception/Interceptor.php(146): Magento\Framework\App\Http->launch()
#53 /Applications/MAMP/htdocs/shophh/var/generation/Magento/Framework/App/Http/Interceptor.php(26): Magento\Framework\App\Http\Interceptor->___callPlugins('launch', Array, Array)
#54 /Applications/MAMP/htdocs/shophh/vendor/magento/framework/App/Bootstrap.php(258): Magento\Framework\App\Http\Interceptor->launch()
#55 /Applications/MAMP/htdocs/shophh/index.php(39): Magento\Framework\App\Bootstrap->run(Object(Magento\Framework\App\Http\Interceptor))
#56 {main} [] []
